  Breakout.cpp
Breakout.cpp(61): warning C4554: '&': check operator precedence for possible error; use parentheses to clarify precedence
Breakout.cpp(225): warning C4244: 'argument': conversion from 'const int' to 'GLfloat', possible loss of data
Breakout.cpp(226): warning C4244: 'argument': conversion from 'const int' to 'GLfloat', possible loss of data
Breakout.cpp(446): warning C4244: '=': conversion from 'double' to 'GLfloat', possible loss of data
Breakout.cpp(455): warning C4244: '=': conversion from 'double' to 'GLfloat', possible loss of data
Breakout.cpp(464): warning C4244: '=': conversion from 'double' to 'GLfloat', possible loss of data
Breakout.cpp(473): warning C4244: '=': conversion from 'double' to 'GLfloat', possible loss of data
Breakout.cpp(631): warning C4554: '&': check operator precedence for possible error; use parentheses to clarify precedence
Breakout.cpp(699): warning C4244: 'argument': conversion from 'int' to 'float', possible loss of data
Breakout.cpp(840): warning C4244: 'argument': conversion from 'unsigned int' to 'float', possible loss of data
Breakout.cpp(994): warning C4101: 'infoLog': unreferenced local variable
Breakout.cpp(993): warning C4101: 'success': unreferenced local variable
SOIL.lib(SOIL.obj) : warning LNK4075: ignoring '/EDITANDCONTINUE' due to '/OPT:ICF' specification
LINK : warning LNK4098: defaultlib 'MSVCRTD' conflicts with use of other libs; use /NODEFAULTLIB:library
  Generating code
  2 of 1737 functions ( 0.1%) were compiled, the rest were copied from previous compilation.
    0 functions were new in current compilation
    2 functions had inline decision re-evaluated but remain unchanged
  Finished generating code
DearImGui_SDL.lib(imgui_impl_sdl_gl3.obj) : warning LNK4099: PDB 'DearImGui.pdb' was not found with 'DearImGui_SDL.lib(imgui_impl_sdl_gl3.obj)' or at 'C:\Users\Reza\documents\visual studio 2015\Projects\FilkomPecah\Release\DearImGui.pdb'; linking object as if no debug info
DearImGui_SDL.lib(imgui.obj) : warning LNK4099: PDB 'DearImGui.pdb' was not found with 'DearImGui_SDL.lib(imgui.obj)' or at 'C:\Users\Reza\documents\visual studio 2015\Projects\FilkomPecah\Release\DearImGui.pdb'; linking object as if no debug info
DearImGui_SDL.lib(imgui_demo.obj) : warning LNK4099: PDB 'DearImGui.pdb' was not found with 'DearImGui_SDL.lib(imgui_demo.obj)' or at 'C:\Users\Reza\documents\visual studio 2015\Projects\FilkomPecah\Release\DearImGui.pdb'; linking object as if no debug info
DearImGui_SDL.lib(imgui_draw.obj) : warning LNK4099: PDB 'DearImGui.pdb' was not found with 'DearImGui_SDL.lib(imgui_draw.obj)' or at 'C:\Users\Reza\documents\visual studio 2015\Projects\FilkomPecah\Release\DearImGui.pdb'; linking object as if no debug info
  FilkomPecah.vcxproj -> C:\Users\Reza\documents\visual studio 2015\Projects\FilkomPecah\Release\FilkomPecah.exe
  FilkomPecah.vcxproj -> C:\Users\Reza\documents\visual studio 2015\Projects\FilkomPecah\Release\FilkomPecah.pdb (Full PDB)
